<?xml version="1.0" encoding="UTF-8"?>
<testsuite xmlns:xsi="http://www.w3.org/2001/XMLSchema-instance" xsi:noNamespaceSchemaLocation="https://maven.apache.org/surefire/maven-surefire-plugin/xsd/surefire-test-report.xsd" name="com.me.test.JobTest" time="0.006" tests="2" errors="0" skipped="2" failures="0">
  <properties>
[...]
</properties>
  <testcase name="checkJobs" classname="com.me.test.JobTest" time="0">
    <skipped/>
    <system-out><![CDATA[13:37:37.931 [main] DEBUG org.springframework.test.context.junit4.SpringJUnit4ClassRunner - SpringJUnit4ClassRunner constructor called with [class com.me.test.JobTest]
13:37:37.937 [main] DEBUG org.springframework.test.context.BootstrapUtils - Instantiating CacheAwareContextLoaderDelegate from class [org.springframework.test.context.cache.DefaultCacheAwareContextLoaderDelegate]
13:37:37.943 [main] DEBUG org.springframework.test.context.BootstrapUtils - Instantiating BootstrapContext using constructor [public org.springframework.test.context.support.DefaultBootstrapContext(java.lang.Class,org.springframework.test.context.CacheAwareContextLoaderDelegate)]
13:37:37.969 [main] DEBUG org.springframework.test.context.BootstrapUtils - Instantiating TestContextBootstrapper for test class [com.me.test.JobTest] from class [org.springframework.boot.test.context.SpringBootTestContextBootstrapper]
13:37:37.991 [main] DEBUG org.springframework.test.context.support.AbstractContextLoader - Did not detect default resource location for test class [com.me.test.JobTest]: class path resource [com/me/test/JobTest-context.xml] does not exist
13:37:37.991 [main] DEBUG org.springframework.test.context.support.AbstractContextLoader - Did not detect default resource location for test class [com.me.test.JobTest]: class path resource [com/me/test/JobTestContext.groovy] does not exist
13:37:37.992 [main] INFO org.springframework.test.context.support.AbstractContextLoader - Could not detect default resource locations for test class [com.me.test.JobTest]: no resource found for suffixes {-context.xml, Context.groovy}.
13:37:38.025 [main] DEBUG org.springframework.test.context.support.ActiveProfilesUtils - Could not find an 'annotation declaring class' for annotation type [org.springframework.test.context.ActiveProfiles] and class [com.me.test.JobTest]
13:37:38.120 [main] DEBUG org.springframework.boot.test.context.SpringBootTestContextBootstrapper - @TestExecutionListeners is not present for class [com.me.test.JobTest]: using defaults.
13:37:38.121 [main] INFO org.springframework.boot.test.context.SpringBootTestContextBootstrapper - Loaded default TestExecutionListener class names from location [META-INF/spring.factories]: [org.springframework.boot.test.mock.mockito.MockitoTestExecutionListener, org.springframework.boot.test.mock.mockito.ResetMocksTestExecutionListener, org.springframework.boot.test.autoconfigure.restdocs.RestDocsTestExecutionListener, org.springframework.boot.test.autoconfigure.web.client.MockRestServiceServerResetTestExecutionListener, org.springframework.boot.test.autoconfigure.web.servlet.MockMvcPrintOnlyOnFailureTestExecutionListener, org.springframework.boot.test.autoconfigure.web.servlet.WebDriverTestExecutionListener, org.springframework.boot.test.autoconfigure.webservices.client.MockWebServiceServerTestExecutionListener, org.springframework.test.context.web.ServletTestExecutionListener, org.springframework.test.context.support.DirtiesContextBeforeModesTestExecutionListener, org.springframework.test.context.support.DependencyInjectionTestExecutionListener, org.springframework.test.context.support.DirtiesContextTestExecutionListener, org.springframework.test.context.transaction.TransactionalTestExecutionListener, org.springframework.test.context.jdbc.SqlScriptsTestExecutionListener, org.springframework.test.context.event.EventPublishingTestExecutionListener]
13:37:38.138 [main] INFO org.springframework.boot.test.context.SpringBootTestContextBootstrapper - Using TestExecutionListeners: [org.springframework.test.context.web.ServletTestExecutionListener@63376bed, org.springframework.test.context.support.DirtiesContextBeforeModesTestExecutionListener@4145bad8, org.springframework.boot.test.mock.mockito.MockitoTestExecutionListener@d86a6f, org.springframework.boot.test.autoconfigure.SpringBootDependencyInjectionTestExecutionListener@2892d68, org.springframework.test.context.support.DirtiesContextTestExecutionListener@5ab956d7, org.springframework.test.context.transaction.TransactionalTestExecutionListener@3646a422, org.springframework.test.context.jdbc.SqlScriptsTestExecutionListener@750e2b97, org.springframework.test.context.event.EventPublishingTestExecutionListener@3e27aa33, org.springframework.boot.test.mock.mockito.ResetMocksTestExecutionListener@2e385cce, org.springframework.boot.test.autoconfigure.restdocs.RestDocsTestExecutionListener@2ddc9a9f, org.springframework.boot.test.autoconfigure.web.client.MockRestServiceServerResetTestExecutionListener@298a5e20, org.springframework.boot.test.autoconfigure.web.servlet.MockMvcPrintOnlyOnFailureTestExecutionListener@2a7f1f10, org.springframework.boot.test.autoconfigure.web.servlet.WebDriverTestExecutionListener@46cdf8bd, org.springframework.boot.test.autoconfigure.webservices.client.MockWebServiceServerTestExecutionListener@f0c8a99]
13:37:38.140 [main] DEBUG org.springframework.test.annotation.ProfileValueUtils - Retrieved @ProfileValueSourceConfiguration [null] for test class [com.me.test.JobTest]
13:37:38.141 [main] DEBUG org.springframework.test.annotation.ProfileValueUtils - Retrieved ProfileValueSource type [class org.springframework.test.annotation.SystemProfileValueSource] for class [com.me.test.JobTest]
13:37:38.142 [main] DEBUG org.springframework.test.annotation.ProfileValueUtils - Retrieved @ProfileValueSourceConfiguration [null] for test class [com.me.test.JobTest]
13:37:38.142 [main] DEBUG org.springframework.test.annotation.ProfileValueUtils - Retrieved ProfileValueSource type [class org.springframework.test.annotation.SystemProfileValueSource] for class [com.me.test.JobTest]
13:37:38.144 [main] DEBUG org.springframework.test.annotation.ProfileValueUtils - Retrieved @ProfileValueSourceConfiguration [null] for test class [com.me.test.JobTest]
13:37:38.144 [main] DEBUG org.springframework.test.annotation.ProfileValueUtils - Retrieved ProfileValueSource type [class org.springframework.test.annotation.SystemProfileValueSource] for class [com.me.test.JobTest]
13:37:38.183 [main] DEBUG org.springframework.test.context.junit4.SpringJUnit4ClassRunner - SpringJUnit4ClassRunner constructor called with [class com.me.test.JobTest]
13:37:38.183 [main] DEBUG org.springframework.test.context.BootstrapUtils - Instantiating CacheAwareContextLoaderDelegate from class [org.springframework.test.context.cache.DefaultCacheAwareContextLoaderDelegate]
13:37:38.183 [main] DEBUG org.springframework.test.context.BootstrapUtils - Instantiating BootstrapContext using constructor [public org.springframework.test.context.support.DefaultBootstrapContext(java.lang.Class,org.springframework.test.context.CacheAwareContextLoaderDelegate)]
13:37:38.183 [main] DEBUG org.springframework.test.context.BootstrapUtils - Instantiating TestContextBootstrapper for test class [com.me.test.JobTest] from class [org.springframework.boot.test.context.SpringBootTestContextBootstrapper]
13:37:38.184 [main] DEBUG org.springframework.test.context.support.AbstractContextLoader - Did not detect default resource location for test class [com.me.test.JobTest]: class path resource [com/me/test/JobTest-context.xml] does not exist
13:37:38.185 [main] DEBUG org.springframework.test.context.support.AbstractContextLoader - Did not detect default resource location for test class [com.me.test.JobTest]: class path resource [com/me/test/JobTestContext.groovy] does not exist
13:37:38.185 [main] INFO org.springframework.test.context.support.AbstractContextLoader - Could not detect default resource locations for test class [com.me.test.JobTest]: no resource found for suffixes {-context.xml, Context.groovy}.
13:37:38.187 [main] DEBUG org.springframework.test.context.support.ActiveProfilesUtils - Could not find an 'annotation declaring class' for annotation type [org.springframework.test.context.ActiveProfiles] and class [com.me.test.JobTest]
13:37:38.189 [main] DEBUG org.springframework.boot.test.context.SpringBootTestContextBootstrapper - @TestExecutionListeners is not present for class [com.me.test.JobTest]: using defaults.
13:37:38.189 [main] INFO org.springframework.boot.test.context.SpringBootTestContextBootstrapper - Loaded default TestExecutionListener class names from location [META-INF/spring.factories]: [org.springframework.boot.test.mock.mockito.MockitoTestExecutionListener, org.springframework.boot.test.mock.mockito.ResetMocksTestExecutionListener, org.springframework.boot.test.autoconfigure.restdocs.RestDocsTestExecutionListener, org.springframework.boot.test.autoconfigure.web.client.MockRestServiceServerResetTestExecutionListener, org.springframework.boot.test.autoconfigure.web.servlet.MockMvcPrintOnlyOnFailureTestExecutionListener, org.springframework.boot.test.autoconfigure.web.servlet.WebDriverTestExecutionListener, org.springframework.boot.test.autoconfigure.webservices.client.MockWebServiceServerTestExecutionListener, org.springframework.test.context.web.ServletTestExecutionListener, org.springframework.test.context.support.DirtiesContextBeforeModesTestExecutionListener, org.springframework.test.context.support.DependencyInjectionTestExecutionListener, org.springframework.test.context.support.DirtiesContextTestExecutionListener, org.springframework.test.context.transaction.TransactionalTestExecutionListener, org.springframework.test.context.jdbc.SqlScriptsTestExecutionListener, org.springframework.test.context.event.EventPublishingTestExecutionListener]
13:37:38.189 [main] INFO org.springframework.boot.test.context.SpringBootTestContextBootstrapper - Using TestExecutionListeners: [org.springframework.test.context.web.ServletTestExecutionListener@6e535154, org.springframework.test.context.support.DirtiesContextBeforeModesTestExecutionListener@15a34df2, org.springframework.boot.test.mock.mockito.MockitoTestExecutionListener@5b38c1ec, org.springframework.boot.test.autoconfigure.SpringBootDependencyInjectionTestExecutionListener@338fc1d8, org.springframework.test.context.support.DirtiesContextTestExecutionListener@4722ef0c, org.springframework.test.context.transaction.TransactionalTestExecutionListener@48e1f6c7, org.springframework.test.context.jdbc.SqlScriptsTestExecutionListener@55cb6996, org.springframework.test.context.event.EventPublishingTestExecutionListener@1807e3f6, org.springframework.boot.test.mock.mockito.ResetMocksTestExecutionListener@480d3575, org.springframework.boot.test.autoconfigure.restdocs.RestDocsTestExecutionListener@f1da57d, org.springframework.boot.test.autoconfigure.web.client.MockRestServiceServerResetTestExecutionListener@194fad1, org.springframework.boot.test.autoconfigure.web.servlet.MockMvcPrintOnlyOnFailureTestExecutionListener@26abb146, org.springframework.boot.test.autoconfigure.web.servlet.WebDriverTestExecutionListener@72c8e7b, org.springframework.boot.test.autoconfigure.webservices.client.MockWebServiceServerTestExecutionListener@65f8f5ae]
13:37:38.189 [main] DEBUG org.springframework.test.annotation.ProfileValueUtils - Retrieved @ProfileValueSourceConfiguration [null] for test class [com.me.test.JobTest]
13:37:38.189 [main] DEBUG org.springframework.test.annotation.ProfileValueUtils - Retrieved ProfileValueSource type [class org.springframework.test.annotation.SystemProfileValueSource] for class [com.me.test.JobTest]
13:37:38.189 [main] DEBUG org.springframework.test.annotation.ProfileValueUtils - Retrieved @ProfileValueSourceConfiguration [null] for test class [com.me.test.JobTest]
13:37:38.189 [main] DEBUG org.springframework.test.annotation.ProfileValueUtils - Retrieved ProfileValueSource type [class org.springframework.test.annotation.SystemProfileValueSource] for class [com.me.test.JobTest]
13:37:38.190 [main] DEBUG org.springframework.test.annotation.ProfileValueUtils - Retrieved @ProfileValueSourceConfiguration [null] for test class [com.me.test.JobTest]
13:37:38.190 [main] DEBUG org.springframework.test.annotation.ProfileValueUtils - Retrieved ProfileValueSource type [class org.springframework.test.annotation.SystemProfileValueSource] for class [com.me.test.JobTest]
13:37:38.232 [main] DEBUG org.springframework.test.annotation.ProfileValueUtils - Retrieved @ProfileValueSourceConfiguration [null] for test class [com.me.test.JobTest]
13:37:38.232 [main] DEBUG org.springframework.test.annotation.ProfileValueUtils - Retrieved ProfileValueSource type [class org.springframework.test.annotation.SystemProfileValueSource] for class [com.me.test.JobTest]
13:37:38.234 [main] DEBUG org.springframework.test.annotation.ProfileValueUtils - Retrieved @ProfileValueSourceConfiguration [null] for test class [com.me.test.JobTest]
13:37:38.234 [main] DEBUG org.springframework.test.annotation.ProfileValueUtils - Retrieved ProfileValueSource type [class org.springframework.test.annotation.SystemProfileValueSource] for class [com.me.test.JobTest]
13:37:38.235 [main] DEBUG org.springframework.test.annotation.ProfileValueUtils - Retrieved @ProfileValueSourceConfiguration [null] for test class [com.me.test.JobTest]
13:37:38.235 [main] DEBUG org.springframework.test.annotation.ProfileValueUtils - Retrieved ProfileValueSource type [class org.springframework.test.annotation.SystemProfileValueSource] for class [com.me.test.JobTest]
]]></system-out>
  </testcase>
  <testcase name="checkJob" classname="com.me.test.JobTest" time="0">
    <skipped/>
  </testcase>
</testsuite>